colmap_to_data.py
convert_nz2ply.py
convert_pose_convention.py
convert.py
create_cameraInitSfm.py
create_data_from_meshroominfo.py
extract_frames_folder.py
extract_frames.py
fix_intrinsics_and_convert.py
fix_intrinsics.py
generate_data_for_training_2.sh
generate_data_for_training_3.sh
generate_data_for_training.sh
generate_masked_images.sh
generate_masked_images_v2.sh
__init__.py
nohup.out
prepare_data.py
__pycache__
resize_pngs.py
resize.py
sampele.sh
sample.sh
tmps
transform_point_cloud.py
undistort_frames_multi.sh
undistort_frames_multi_v2.sh
undistort_frames.sh
undistort_opencv.py
YOLOX_outputs
colmap_to_data.py
convert_nz2ply.py
convert_pose_convention.py
convert.py
create_cameraInitSfm.py
create_data_from_meshroominfo.py
extract_frames_folder.py
extract_frames.py
fix_intrinsics_and_convert.py
fix_intrinsics.py
generate_data_for_training_2.sh
generate_data_for_training_3.sh
generate_data_for_training.sh
generate_masked_images.sh
generate_masked_images_v2.sh
__init__.py
nohup.out
prepare_data.py
__pycache__
resize_pngs.py
resize.py
sampele.sh
sample.sh
tmps
transform_point_cloud.py
undistort_frames_multi.sh
undistort_frames_multi_v2.sh
undistort_frames.sh
undistort_opencv.py
YOLOX_outputs
